<?xml version="1.0" encoding="UTF-8"?>
<testsuite xmlns:xsi="http://www.w3.org/2001/XMLSchema-instance" xsi:noNamespaceSchemaLocation="https://maven.apache.org/surefire/maven-surefire-plugin/xsd/surefire-test-report.xsd" name="com.maxeta.CounterTests" time="0.048" tests="15" errors="0" skipped="0" failures="0">
  <properties>
    <property name="java.specification.version" value="20"/>
    <property name="sun.cpu.isalist" value="amd64"/>
    <property name="sun.jnu.encoding" value="Cp1252"/>
    <property name="java.class.path" value="C:\Users\ryanc\Desktop\Maxeta Project\counter\target\test-classes;C:\Users\ryanc\Desktop\Maxeta Project\counter\target\classes;C:\Users\ryanc\.m2\repository\junit\junit\4.11\junit-4.11.jar;C:\Users\ryanc\.m2\repository\org\hamcrest\hamcrest-core\1.3\hamcrest-core-1.3.jar;"/>
    <property name="java.vm.vendor" value="Oracle Corporation"/>
    <property name="sun.arch.data.model" value="64"/>
    <property name="user.variant" value=""/>
    <property name="java.vendor.url" value="https://java.oracle.com/"/>
    <property name="user.timezone" value="America/New_York"/>
    <property name="os.name" value="Windows 11"/>
    <property name="java.vm.specification.version" value="20"/>
    <property name="sun.java.launcher" value="SUN_STANDARD"/>
    <property name="user.country" value="US"/>
    <property name="sun.boot.library.path" value="C:\Program Files\Java\jdk-20\bin"/>
    <property name="sun.java.command" value="C:\Users\ryanc\AppData\Local\Temp\surefire17831465248112108939\surefirebooter10726189393507443166.jar C:\Users\ryanc\AppData\Local\Temp\surefire17831465248112108939 2024-09-22T12-48-27_227-jvmRun1 surefire8416666656913510713tmp surefire_05925963487701317083tmp"/>
    <property name="jdk.debug" value="release"/>
    <property name="surefire.test.class.path" value="C:\Users\ryanc\Desktop\Maxeta Project\counter\target\test-classes;C:\Users\ryanc\Desktop\Maxeta Project\counter\target\classes;C:\Users\ryanc\.m2\repository\junit\junit\4.11\junit-4.11.jar;C:\Users\ryanc\.m2\repository\org\hamcrest\hamcrest-core\1.3\hamcrest-core-1.3.jar;"/>
    <property name="sun.cpu.endian" value="little"/>
    <property name="user.home" value="C:\Users\ryanc"/>
    <property name="user.language" value="en"/>
    <property name="java.specification.vendor" value="Oracle Corporation"/>
    <property name="java.version.date" value="2023-07-18"/>
    <property name="java.home" value="C:\Program Files\Java\jdk-20"/>
    <property name="file.separator" value="\"/>
    <property name="basedir" value="C:\Users\ryanc\Desktop\Maxeta Project\counter"/>
    <property name="java.vm.compressedOopsMode" value="Zero based"/>
    <property name="line.separator" value="&#10;"/>
    <property name="java.vm.specification.vendor" value="Oracle Corporation"/>
    <property name="java.specification.name" value="Java Platform API Specification"/>
    <property name="surefire.real.class.path" value="C:\Users\ryanc\AppData\Local\Temp\surefire17831465248112108939\surefirebooter10726189393507443166.jar"/>
    <property name="user.script" value=""/>
    <property name="sun.management.compiler" value="HotSpot 64-Bit Tiered Compilers"/>
    <property name="java.runtime.version" value="20.0.2+9-78"/>
    <property name="user.name" value="ryanc"/>
    <property name="stdout.encoding" value="Cp1252"/>
    <property name="path.separator" value=";"/>
    <property name="os.version" value="10.0"/>
    <property name="java.runtime.name" value="Java(TM) SE Runtime Environment"/>
    <property name="file.encoding" value="UTF-8"/>
    <property name="java.vm.name" value="Java HotSpot(TM) 64-Bit Server VM"/>
    <property name="localRepository" value="C:\Users\ryanc\.m2\repository"/>
    <property name="java.vendor.url.bug" value="https://bugreport.java.com/bugreport/"/>
    <property name="java.io.tmpdir" value="C:\Users\ryanc\AppData\Local\Temp\"/>
    <property name="java.version" value="20.0.2"/>
    <property name="user.dir" value="C:\Users\ryanc\Desktop\Maxeta Project\counter"/>
    <property name="os.arch" value="amd64"/>
    <property name="java.vm.specification.name" value="Java Virtual Machine Specification"/>
    <property name="sun.os.patch.level" value=""/>
    <property name="native.encoding" value="Cp1252"/>
    <property name="java.library.path" value="C:\Program Files\Java\jdk-20\bin;C:\WINDOWS\Sun\Java\bin;C:\WINDOWS\system32;C:\WINDOWS;C:\Users\ryanc\AppData\Roaming\Microsoft\Windows\Start Menu\Programs\Python 3.12\Python 3.12 (64-bit).lnk;C:\Program Files\Common Files\Oracle\Java\javapath;C:\WINDOWS\system32;C:\WINDOWS;C:\WINDOWS\System32\Wbem;C:\WINDOWS\System32\WindowsPowerShell\v1.0\;C:\WINDOWS\System32\OpenSSH\;C:\Program Files\PostgreSQL\16\bin;C:\Program Files\nodejs\;C:\ProgramData\chocolatey\bin;C:\Program Files\nodejs;C:\apache-maven-3.9.8\bin;C:\Program Files\Git\cmd;C:\Users\ryanc\AppData\Local\Programs\Python\Python312;C:\Users\ryanc\AppData\Roaming\Microsoft\Windows\Start Menu\Programs\Python 3.12;C:\Users\ryanc\AppData\Local\Programs\Python\Launcher\;C:\Users\ryanc\AppData\Local\Microsoft\WindowsApps;C:\Users\ryanc\AppData\Local\Programs\Microsoft VS Code\bin;C:\Program Files\Java\jdk-20\bin;C:\Users\ryanc\AppData\Roaming\Microsoft\Windows\Start Menu\Programs\Python 3.12\Python 3.12 (64-bit).lnk;C:\Users\ryanc\AppData\Roaming\npm;C:\Users\ryanc\AppData\Local\Programs\Python\Python312\Scripts;C:\Users\ryanc\AppData\Local\Programs\Python\Python312;;."/>
    <property name="java.vm.info" value="mixed mode, sharing"/>
    <property name="stderr.encoding" value="Cp1252"/>
    <property name="java.vendor" value="Oracle Corporation"/>
    <property name="java.vm.version" value="20.0.2+9-78"/>
    <property name="sun.io.unicode.encoding" value="UnicodeLittle"/>
    <property name="java.class.version" value="64.0"/>
  </properties>
  <testcase name="testIncrementMinute2" classname="com.maxeta.CounterTests" time="0.004"/>
  <testcase name="testIncrementMinute3" classname="com.maxeta.CounterTests" time="0"/>
  <testcase name="testIncrementSecond2" classname="com.maxeta.CounterTests" time="0"/>
  <testcase name="testIncrementSecond3" classname="com.maxeta.CounterTests" time="0"/>
  <testcase name="testIncrementMinute" classname="com.maxeta.CounterTests" time="0"/>
  <testcase name="testIncrementSecond" classname="com.maxeta.CounterTests" time="0"/>
  <testcase name="testIncrementHour2" classname="com.maxeta.CounterTests" time="0"/>
  <testcase name="testToStandard" classname="com.maxeta.CounterTests" time="0.008"/>
  <testcase name="testToStandard2" classname="com.maxeta.CounterTests" time="0"/>
  <testcase name="testToStandard3" classname="com.maxeta.CounterTests" time="0.001"/>
  <testcase name="testDecrementMinute" classname="com.maxeta.CounterTests" time="0"/>
  <testcase name="testDecrementSecond" classname="com.maxeta.CounterTests" time="0"/>
  <testcase name="testIncrementHour" classname="com.maxeta.CounterTests" time="0"/>
  <testcase name="testDecrementHour" classname="com.maxeta.CounterTests" time="0"/>
  <testcase name="testToMilitary" classname="com.maxeta.CounterTests" time="0.002"/>
</testsuite>